1    DEBUG [2015-01-19 20:57:24]  Request:
1    DEBUG [2015-01-19 20:57:24]  GET:https://api.weibo.com/2/friendships/followers.json
30   DEBUG [2015-01-19 20:57:24]  Authorization: OAuth2 2.00bNd1cCDlkvjC7dd47771fceRACmB
30   DEBUG [2015-01-19 20:57:24]  API-RemoteIP: 192.168.1.100
1205 DEBUG [2015-01-19 20:57:25]  Response:
1206 DEBUG [2015-01-19 20:57:25]  https StatusCode:200
1206 DEBUG [2015-01-19 20:57:25]  Server:nginx/1.6.1
1207 DEBUG [2015-01-19 20:57:25]  Date:Mon, 19 Jan 2015 12:56:49 GMT
1208 DEBUG [2015-01-19 20:57:25]  Content-Type:application/json;charset=UTF-8
1208 DEBUG [2015-01-19 20:57:25]  Transfer-Encoding:chunked
1209 DEBUG [2015-01-19 20:57:25]  Connection:keep-alive
1209 DEBUG [2015-01-19 20:57:25]  Api-Server-IP:10.75.5.104
1210 DEBUG [2015-01-19 20:57:25]  Vary:Accept-Encoding
1218 WARN  [2015-01-19 20:57:25]  Going to buffer response body of large or unknown size. Using getResponseBodyAsStream instead is recommended.
1221 DEBUG [2015-01-19 20:57:25]  {"users":[{"id":5063676307,"idstr":"5063676307","class":1,"screen_name":"天涯红豆客","name":"天涯红豆客","province":"61","city":"8","location":"陕西 榆林","description":"","url":"","profile_image_url":"http://tp4.sinaimg.cn/5063676307/50/5689217323/0","profile_url":"u/5063676307","domain":"","weihao":"","gender":"f","followers_count":206,"friends_count":1623,"pagefriends_count":0,"statuses_count":283,"favourites_count":0,"created_at":"Sat Mar 08 11:40:19 +0800 2014","following":false,"allow_all_act_msg":false,"geo_enabled":true,"verified":false,"verified_type":-1,"remark":"","status_id":3786912130843605,"ptype":0,"allow_all_comment":true,"avatar_large":"http://tp4.sinaimg.cn/5063676307/180/5689217323/0","avatar_hd":"http://ww2.sinaimg.cn/crop.0.0.170.170.1024/005wGFwvjw1ee870j9f42j304q04q3yd.jpg","verified_reason":"","verified_trade":"","verified_reason_url":"","verified_source":"","verified_source_url":"","follow_me":true,"online_status":0,"bi_followers_count":108,"lang":"zh-cn","star":0,"mbtype":0,"mbrank":0,"block_word":0,"block_app":0,"credit_score":80,"urank":4},{"id":2415002043,"idstr":"2415002043","class":1,"screen_name":"苍穹泪ys","name":"苍穹泪ys","province":"43","city":"3","location":"湖南 湘潭","description":"","url":"","profile_image_url":"http://tp4.sinaimg.cn/2415002043/50/5686636022/1","cover_image_phone":"http://ww1.sinaimg.cn/crop.0.0.640.640.640/a1d3feabjw1ecat4uqw77j20hs0hsacp.jpg","profile_url":"u/2415002043","domain":"","weihao":"","gender":"m","followers_count":53,"friends_count":330,"pagefriends_count":2,"statuses_count":154,"favourites_count":63,"created_at":"Sun Mar 11 20:57:42 +0800 2012","following":true,"allow_all_act_msg":false,"geo_enabled":true,"verified":false,"verified_type":-1,"remark":"","status_id":3799936463989967,"ptype":0,"allow_all_comment":true,"avatar_large":"http://tp4.sinaimg.cn/2415002043/180/5686636022/1","avatar_hd":"http://ww1.sinaimg.cn/crop.0.0.180.180.1024/8ff201bbjw8ed9nkukwkjj2050050t8v.jpg","verified_reason":"","verified_trade":"","verified_reason_url":"","verified_source":"","verified_source_url":"","follow_me":true,"online_status":0,"bi_followers_count":10,"lang":"zh-cn","star":0,"mbtype":0,"mbrank":0,"block_word":0,"block_app":0,"credit_score":80,"urank":10},{"id":5032312558,"idstr":"5032312558","class":1,"screen_name":"虞11耶迪夫","name":"虞11耶迪夫","province":"33","city":"1000","location":"浙江","description":"抠 怂 话唠 嘴贱 毒舌 颐指气使姿态低 好为人师玻璃心 真大方假大款 习惯终结聊天但不爽 厌恶碎片信息化却无法抗拒 不会交新朋友 内心深爱旧人 肥","url":"","profile_image_url":"http://tp3.sinaimg.cn/5032312558/50/40049064930/0","profile_url":"u/5032312558","domain":"","weihao":"","gender":"f","followers_count":63,"friends_count":1423,"pagefriends_count":0,"statuses_count":26,"favourites_count":0,"created_at":"Tue Feb 11 01:03:21 +0800 2014","following":false,"allow_all_act_msg":false,"geo_enabled":true,"verified":false,"verified_type":-1,"remark":"","status_id":3702146727941690,"ptype":0,"allow_all_comment":true,"avatar_large":"http://tp3.sinaimg.cn/5032312558/180/40049064930/0","avatar_hd":"http://tp3.sinaimg.cn/5032312558/180/40049064930/0","verified_reason":"","verified_trade":"","verified_reason_url":"","verified_source":"","verified_source_url":"","follow_me":true,"online_status":0,"bi_followers_count":27,"lang":"zh-cn","star":0,"mbtype":0,"mbrank":0,"block_word":0,"block_app":0,"credit_score":80,"urank":5},{"id":2021070473,"idstr":"2021070473","class":1,"screen_name":"湖面_涟漪","name":"湖面_涟漪","province":"43","city":"1","location":"湖南 长沙","description":"","url":"","profile_image_url":"http://tp2.sinaimg.cn/2021070473/50/40048993722/1","cover_image_phone":"http://ww4.sinaimg.cn/crop.0.0.640.640/7c85468fjw1e8yq7122ixj20hs0hsq3j.jpg","profile_url":"u/2021070473","domain":"","weihao":"","gender":"m","followers_count":86,"friends_count":136,"pagefriends_count":0,"statuses_count":107,"favourites_count":29,"created_at":"Sat Mar 12 15:51:10 +0800 2011","following":true,"allow_all_act_msg":false,"geo_enabled":true,"verified":false,"verified_type":-1,"remark":"","status_id":3795323803142433,"ptype":0,"allow_all_comment":true,"avatar_large":"http://tp2.sinaimg.cn/2021070473/180/40048993722/1","avatar_hd":"http://ww3.sinaimg.cn/crop.22.0.148.148.1024/78771689gw1ee8pc323aej206f0463yq.jpg","verified_reason":"","verified_trade":"","verified_reason_url":"","verified_source":"","verified_source_url":"","follow_me":true,"online_status":0,"bi_followers_count":28,"lang":"zh-cn","star":0,"mbtype":0,"mbrank":0,"block_word":0,"block_app":0,"credit_score":80,"urank":13},{"id":3316056597,"idstr":"3316056597","class":1,"screen_name":"Fix肀ed-Gear_永x","name":"Fix肀ed-Gear_永x","province":"400","city":"38","location":"海外 埃及","description":"","url":"","profile_image_url":"http://tp2.sinaimg.cn/3316056597/50/22847528258/0","profile_url":"u/3316056597","domain":"","weihao":"","gender":"f","followers_count":272,"friends_count":1565,"pagefriends_count":0,"statuses_count":510,"favourites_count":0,"created_at":"Mon Jul 01 23:16:13 +0800 2013","following":false,"allow_all_act_msg":false,"geo_enabled":true,"verified":false,"verified_type":-1,"remark":"","status_id":3717897786256588,"ptype":0,"allow_all_comment":true,"avatar_large":"http://tp2.sinaimg.cn/3316056597/180/22847528258/0","avatar_hd":"http://tp2.sinaimg.cn/3316056597/180/22847528258/0","verified_reason":"","verified_trade":"","verified_reason_url":"","verified_source":"","verified_source_url":"","follow_me":true,"online_status":0,"bi_followers_count":67,"lang":"zh-cn","star":0,"mbtype":0,"mbrank":0,"block_word":0,"block_app":0,"credit_score":80,"urank":5},{"id":3746683602,"idstr":"3746683602","class":1,"screen_name":"pps节目更新","name":"pps节目更新","province":"11","city":"1","location":"北京 东城区","description":"","url":"","profile_image_url":"http://tp3.sinaimg.cn/3746683602/50/22852360017/0","profile_url":"u/3746683602","domain":"","weihao":"","gender":"f","followers_count":122,"friends_count":1806,"pagefriends_count":0,"statuses_count":1633,"favourites_count":0,"created_at":"Mon Aug 26 21:25:25 +0800 2013","following":false,"allow_all_act_msg":false,"geo_enabled":true,"verified":false,"verified_type":-1,"remark":"","status_id":3661679038905125,"ptype":0,"allow_all_comment":true,"avatar_large":"http://tp3.sinaimg.cn/3746683602/180/22852360017/0","avatar_hd":"http://ww1.sinaimg.cn/crop.46.33.139.139.1024/df51dad2tw1e80dpn0195j206h05rmxd.jpg","verified_reason":"","verified_trade":"","verified_reason_url":"","verified_source":"","verified_source_url":"","follow_me":true,"online_status":0,"bi_followers_count":63,"lang":"zh-cn","star":0,"mbtype":0,"mbrank":0,"block_word":0,"block_app":0,"credit_score":80,"urank":6}],"next_cursor":19,"previous_cursor":0,"total_number":65}

0    DEBUG [2015-01-19 21:02:02]  Request:
1    DEBUG [2015-01-19 21:02:02]  GET:https://api.weibo.com/2/friendships/followers.json
30   DEBUG [2015-01-19 21:02:02]  Authorization: OAuth2 2.00bNd1cCDlkvjC7dd47771fceRACmB
30   DEBUG [2015-01-19 21:02:02]  API-RemoteIP: 192.168.1.100
822  DEBUG [2015-01-19 21:02:02]  Response:
822  DEBUG [2015-01-19 21:02:02]  https StatusCode:200
823  DEBUG [2015-01-19 21:02:02]  Server:nginx/1.6.1
823  DEBUG [2015-01-19 21:02:02]  Date:Mon, 19 Jan 2015 13:01:27 GMT
823  DEBUG [2015-01-19 21:02:02]  Content-Type:application/json;charset=UTF-8
824  DEBUG [2015-01-19 21:02:02]  Transfer-Encoding:chunked
824  DEBUG [2015-01-19 21:02:02]  Connection:keep-alive
825  DEBUG [2015-01-19 21:02:02]  Api-Server-IP:10.75.0.175
825  DEBUG [2015-01-19 21:02:02]  Vary:Accept-Encoding
831  WARN  [2015-01-19 21:02:02]  Going to buffer response body of large or unknown size. Using getResponseBodyAsStream instead is recommended.
833  DEBUG [2015-01-19 21:02:02]  {"error":"request uid's value must be the current user","error_code":21335,"request":"/2/friendships/followers.json"}

